#12:55 5-10-2023
#n_arbres_per_mida: 100
#n_consultes_cada_arbre: 1000
DIMENSIO: 6
   MIDA: 10
   COST KTREE  8
   COST RKTREE 8
   COST SKTREE 8

   MIDA: 100
   COST KTREE  57
   COST RKTREE 57
   COST SKTREE 57

   MIDA: 1000
   COST KTREE  180
   COST RKTREE 198
   COST SKTREE 168

   MIDA: 10000
   COST KTREE  368
   COST RKTREE 458
   COST SKTREE 297

   MIDA: 100000
   COST KTREE  580
   COST RKTREE 834
   COST SKTREE 407

   MIDA: 1000000
   COST KTREE  824
   COST RKTREE 1330
   COST SKTREE 519



