#12:55 5-10-2023
#n_arbres_per_mida: 100
#n_consultes_cada_arbre: 1000
DIMENSIO: 7
   MIDA: 10
   COST KTREE  9
   COST RKTREE 9
   COST SKTREE 9

   MIDA: 100
   COST KTREE  69
   COST RKTREE 68
   COST SKTREE 69

   MIDA: 1000
   COST KTREE  273
   COST RKTREE 289
   COST SKTREE 269

   MIDA: 10000
   COST KTREE  659
   COST RKTREE 790
   COST SKTREE 555

   MIDA: 100000
   COST KTREE  1207
   COST RKTREE 1657
   COST SKTREE 867

   MIDA: 1000000
   COST KTREE  1860
   COST RKTREE 2950
   COST SKTREE 1183

