#12:55 5-10-2023
#n_arbres_per_mida: 100
#n_consultes_cada_arbre: 1000
DIMENSIO: 5
   MIDA: 10
   COST KTREE  8
   COST RKTREE 8
   COST SKTREE 8

   MIDA: 100
   COST KTREE  44
   COST RKTREE 45
   COST SKTREE 44

   MIDA: 1000
   COST KTREE  110
   COST RKTREE 125
   COST SKTREE 97

   MIDA: 10000
   COST KTREE  192
   COST RKTREE 244
   COST SKTREE 150

   MIDA: 100000
   COST KTREE  276
   COST RKTREE 401
   COST SKTREE 195

   MIDA: 1000000
   COST KTREE  358
   COST RKTREE 592
   COST SKTREE 229

