#12:55 5-10-2023
#n_arbres_per_mida: 100
#n_consultes_cada_arbre: 1000
DIMENSIO: 8
   MIDA: 10
   COST KTREE  9
   COST RKTREE 9
   COST SKTREE 9

   MIDA: 100
   COST KTREE  78
   COST RKTREE 78
   COST SKTREE 79

   MIDA: 1000
   COST KTREE  389
   COST RKTREE 396
   COST SKTREE 397

   MIDA: 10000
   COST KTREE  1136
   COST RKTREE 1300
   COST SKTREE 1027

   MIDA: 100000
   COST KTREE  2433
   COST RKTREE 3161
   COST SKTREE 1857

   MIDA: 1000000
   COST KTREE  4159
   COST RKTREE 6252
   COST SKTREE 2704

