#12:55 5-10-2023
#n_arbres_per_mida: 100
#n_consultes_cada_arbre: 1000
DIMENSIO: 4
   MIDA: 10
   COST KTREE  8
   COST RKTREE 7
   COST SKTREE 8

   MIDA: 100
   COST KTREE  32
   COST RKTREE 33
   COST SKTREE 31

   MIDA: 1000
   COST KTREE  64
   COST RKTREE 75
   COST SKTREE 56

   MIDA: 10000
   COST KTREE  96
   COST RKTREE 124
   COST SKTREE 77

   MIDA: 100000
   COST KTREE  127
   COST RKTREE 184
   COST SKTREE 93

   MIDA: 1000000
   COST KTREE  156
   COST RKTREE 250
   COST SKTREE 104

